<?xml version="1.0" encoding="utf-8"?><testsuites name="pytest tests"><testsuite name="pytest" errors="0" failures="0" skipped="0" tests="9" time="3.972" timestamp="2026-08-19T16:17:11.181760+00:00" hostname="agent-env-426fe699-7494-4110-a8f3-89c8845b53c1"><testcase classname="tests.test_iter3_features.TestZipImport" name="test_import_zip_creates_video_and_doc_lesson" time="1.650" /><testcase classname="tests.test_iter3_features.TestLessonProgressAndBadges" name="test_learn_returns_progress_and_achievements" time="1.611" /><testcase classname="tests.test_iter3_features.TestLessonProgressAndBadges" name="test_mark_complete_lesson_updates_progress" time="0.238" /><testcase classname="tests.test_iter3_features.TestZipImport" name="test_import_zip_invalid_returns_400" time="0.069" /><testcase classname="tests.test_iter3_features.TestZipImport" name="test_import_zip_missing_course_404" time="0.097" /><testcase classname="tests.test_iter3_features.TestLessonProgressAndBadges" name="test_video_master_badge_earned_when_all_lessons_complete" time="0.459" /><testcase classname="tests.test_iter3_features.TestRandomizedRetake" name="test_exercise_detail_shuffles_across_calls" time="1.095" /><testcase classname="tests.test_iter3_features.TestLessonProgressAndBadges" name="test_dashboard_returns_badges_field" time="0.082" /><testcase classname="tests.test_iter3_features.TestRandomizedRetake" name="test_retake_creates_new_attempt_and_best_score_wins" time="0.477" /></testsuite></testsuites>