<?xml version="1.0" encoding="utf-8"?><testsuites name="pytest tests"><testsuite name="pytest" errors="0" failures="0" skipped="0" tests="14" time="9.461" timestamp="2026-08-20T02:02:18.640251+00:00" hostname="agent-env-426fe699-7494-4110-a8f3-89c8845b53c1"><testcase classname="tests.test_iter6_verification.TestStudentRegistration" name="test_register_student_creates_pending" time="0.525" /><testcase classname="tests.test_iter6_verification.TestStudentRegistration" name="test_duplicate_email_rejected" time="0.467" /><testcase classname="tests.test_iter6_verification.TestProctorRegistration" name="test_register_proctor_creates_pending" time="0.373" /><testcase classname="tests.test_iter6_verification.TestAdminVerification" name="test_pending_users_listed_and_approve_reject" time="1.255" /><testcase classname="tests.test_iter6_verification.TestAdminVerification" name="test_reject_status_blocks_portal" time="0.818" /><testcase classname="tests.test_iter6_verification.TestAdminVerification" name="test_link_school_and_change_role" time="1.128" /><testcase classname="tests.test_iter6_verification.TestAdminVerification" name="test_invalid_status_rejected" time="0.077" /><testcase classname="tests.test_iter6_verification.TestProctorIsolation" name="test_pending_proctor_school_none_blocked" time="0.382" /><testcase classname="tests.test_iter6_verification.TestProctorIsolation" name="test_approved_proctor_no_school_returns_empty" time="0.893" /><testcase classname="tests.test_iter6_verification.TestDemoAccountsRegression" name="test_admin_login_and_stats" time="0.571" /><testcase classname="tests.test_iter6_verification.TestDemoAccountsRegression" name="test_demo_student_portal" time="0.464" /><testcase classname="tests.test_iter6_verification.TestDemoAccountsRegression" name="test_demo_proctor_isolated_to_nusantara" time="0.530" /><testcase classname="tests.test_iter6_verification.TestDemoAccountsRegression" name="test_demo_tutor" time="0.412" /><testcase classname="tests.test_iter6_verification.TestAdminCreatedUser" name="test_admin_create_user_auto_approved" time="1.467" /></testsuite></testsuites>