<?xml version="1.0" encoding="utf-8"?><testsuites name="pytest tests"><testsuite name="pytest" errors="0" failures="0" skipped="0" tests="10" time="4.270" timestamp="2026-08-20T17:08:22.893484+00:00" hostname="agent-env-426fe699-7494-4110-a8f3-89c8845b53c1"><testcase classname="tests.test_iter12_bulk_and_docs.TestBulkCompetency" name="test_seed_state" time="1.628" /><testcase classname="tests.test_iter12_bulk_and_docs.TestBulkCompetency" name="test_bulk_apply_umum" time="0.327" /><testcase classname="tests.test_iter12_bulk_and_docs.TestBulkCompetency" name="test_bulk_empty_returns_400" time="0.090" /><testcase classname="tests.test_iter12_bulk_and_docs.TestBulkCompetency" name="test_bulk_invalid_competency_defaults_umum" time="0.283" /><testcase classname="tests.test_iter12_bulk_and_docs.TestBulkCompetency" name="test_revert_seed" time="0.298" /><testcase classname="tests.test_iter12_bulk_and_docs.TestTutorDocs" name="test_tutor_appears_in_admin_list_with_docs" time="2.674" /><testcase classname="tests.test_iter12_bulk_and_docs.TestBulkCompetency" name="test_unauth_blocked" time="0.165" /><testcase classname="tests.test_iter12_bulk_and_docs.TestTutorDocs" name="test_admin_can_download_cv" time="0.267" /><testcase classname="tests.test_iter12_bulk_and_docs.TestTutorDocs" name="test_admin_can_download_cert" time="0.190" /><testcase classname="tests.test_iter12_bulk_and_docs.TestTutorDocs" name="test_unauth_cannot_download" time="0.754" /></testsuite></testsuites>