<?xml version="1.0" encoding="utf-8"?><testsuites name="pytest tests"><testsuite name="pytest" errors="0" failures="0" skipped="0" tests="15" time="2.774" timestamp="2026-08-20T16:53:33.778357+00:00" hostname="agent-env-426fe699-7494-4110-a8f3-89c8845b53c1"><testcase classname="tests.test_iter11_analysis.TestAdminAnalysis" name="test_admin_analysis_global" time="0.801" /><testcase classname="tests.test_iter11_analysis.TestAdminAnalysis" name="test_admin_scores_csv" time="0.123" /><testcase classname="tests.test_iter11_analysis.TestProctorAnalysis" name="test_proctor_analysis_scoped" time="0.942" /><testcase classname="tests.test_iter11_analysis.TestAdminAnalysis" name="test_admin_recap_csv" time="0.102" /><testcase classname="tests.test_iter11_analysis.TestProctorAnalysis" name="test_proctor_scores_csv" time="0.133" /><testcase classname="tests.test_iter11_analysis.TestAdminAnalysis" name="test_admin_items_csv" time="0.101" /><testcase classname="tests.test_iter11_analysis.TestProctorAnalysis" name="test_proctor_recap_csv" time="0.115" /><testcase classname="tests.test_iter11_analysis.TestQuestionCompetency" name="test_template_includes_competency" time="0.132" /><testcase classname="tests.test_iter11_analysis.TestProctorAnalysis" name="test_proctor_items_csv" time="0.108" /><testcase classname="tests.test_iter11_analysis.TestQuestionCompetency" name="test_create_question_with_competency_persists" time="0.630" /><testcase classname="tests.test_iter11_analysis.TestProctorAnalysis" name="test_admin_endpoints_forbidden_for_proctor" time="0.142" /><testcase classname="tests.test_iter11_analysis.TestProctorRegression" name="test_proctor_reports" time="0.095" /><testcase classname="tests.test_iter11_analysis.TestProctorRegression" name="test_proctor_reports_csv" time="0.101" /><testcase classname="tests.test_iter11_analysis.TestProctorRegression" name="test_proctor_analytics" time="0.085" /><testcase classname="tests.test_iter11_analysis.TestQuestionCompetency" name="test_csv_import_with_competency" time="0.536" /></testsuite></testsuites>