<?xml version="1.0" encoding="utf-8"?><testsuites name="pytest tests"><testsuite name="pytest" errors="0" failures="0" skipped="0" tests="13" time="3.345" timestamp="2026-08-20T02:43:03.428174+00:00" hostname="agent-env-426fe699-7494-4110-a8f3-89c8845b53c1"><testcase classname="tests.test_iter8_classes.TestSlotValidation" name="test_no_sessions_rejected" time="0.603" /><testcase classname="tests.test_iter8_classes.TestClassesMine" name="test_tutor_sees_only_own" time="0.735" /><testcase classname="tests.test_iter8_classes.TestClassesMine" name="test_admin_sees_all_confirmed" time="0.070" /><testcase classname="tests.test_iter8_classes.TestClassesMine" name="test_legacy_slots_have_sessions" time="0.075" /><testcase classname="tests.test_iter8_classes.TestMaterials" name="test_tutor_add_material_per_session" time="0.084" /><testcase classname="tests.test_iter8_classes.TestMaterials" name="test_admin_add_material" time="0.067" /><testcase classname="tests.test_iter8_classes.TestMaterials" name="test_material_invalid_session" time="0.075" /><testcase classname="tests.test_iter8_classes.TestMaterials" name="test_list_materials" time="0.081" /><testcase classname="tests.test_iter8_classes.TestAttendance" name="test_mark_and_persist_per_session" time="0.682" /><testcase classname="tests.test_iter8_classes.TestStudentView" name="test_schedule_shows_class" time="0.051" /><testcase classname="tests.test_iter8_classes.TestStudentView" name="test_class_detail" time="0.056" /><testcase classname="tests.test_iter8_classes.TestStudentView" name="test_unauthorized_student_403" time="0.425" /><testcase classname="tests.test_iter8_classes.TestCleanupMaterial" name="test_delete_material" time="0.251" /></testsuite></testsuites>