<?xml version="1.0" encoding="utf-8"?><testsuites name="pytest tests"><testsuite name="pytest" errors="0" failures="0" skipped="0" tests="10" time="5.421" timestamp="2026-08-20T03:58:47.018817+00:00" hostname="agent-env-426fe699-7494-4110-a8f3-89c8845b53c1"><testcase classname="tests.test_iter9_features.TestMaterialNotification" name="test_add_material_pushes_notification" time="3.238" /><testcase classname="tests.test_iter9_features.TestMaterialNotification" name="test_mark_read" time="0.168" /><testcase classname="tests.test_iter9_features.TestMaterialNotification" name="test_other_school_student_no_material_notif" time="0.082" /><testcase classname="tests.test_iter9_features.TestSessionNotification" name="test_update_slot_adds_session_notifies" time="1.031" /><testcase classname="tests.test_iter9_features.TestAttendanceSummary" name="test_tutor_summary_and_percentage" time="0.250" /><testcase classname="tests.test_iter9_features.TestAttendanceSummary" name="test_admin_can_view_summary" time="0.059" /><testcase classname="tests.test_iter9_features.TestProctorAttendance" name="test_proctor_attendance_lists_school_students_only" time="0.110" /><testcase classname="tests.test_iter9_features.TestProctorAttendance" name="test_non_proctor_forbidden" time="0.085" /><testcase classname="tests.test_iter9_features.TestPublicCalendar" name="test_public_calendar_has_class_events" time="0.153" /><testcase classname="tests.test_iter9_features.TestPublicCalendar" name="test_public_calendar_keeps_academic_events" time="0.172" /></testsuite></testsuites>