<?xml version="1.0" encoding="utf-8"?><testsuites name="pytest tests"><testsuite name="pytest" errors="0" failures="0" skipped="0" tests="14" time="8.695" timestamp="2026-08-20T16:28:22.849838+00:00" hostname="agent-env-426fe699-7494-4110-a8f3-89c8845b53c1"><testcase classname="tests.test_iter10_tutor.TestRegisterTutor" name="test_register_tutor_creates_pending" time="0.589" /><testcase classname="tests.test_iter10_tutor.TestRegisterTutor" name="test_duplicate_email_400" time="0.166" /><testcase classname="tests.test_iter10_tutor.TestRegisterTutor" name="test_pending_tutor_cannot_access_portal" time="0.432" /><testcase classname="tests.test_iter10_tutor.TestUploadDoc" name="test_upload_cv_pdf" time="0.679" /><testcase classname="tests.test_iter10_tutor.TestUploadDoc" name="test_upload_cert_png" time="0.798" /><testcase classname="tests.test_iter10_tutor.TestUploadDoc" name="test_reject_bad_extension" time="0.475" /><testcase classname="tests.test_iter10_tutor.TestUploadDoc" name="test_reject_image_over_2mb" time="0.792" /><testcase classname="tests.test_iter10_tutor.TestProfileAndAdminApprove" name="test_save_profile_with_cv_and_certs" time="1.031" /><testcase classname="tests.test_iter10_tutor.TestProfileAndAdminApprove" name="test_admin_can_see_and_approve" time="0.617" /><testcase classname="tests.test_iter10_tutor.TestProfileAndAdminApprove" name="test_tutor_can_access_portal_after_approval" time="0.605" /><testcase classname="tests.test_iter10_tutor.TestBecomeTutor" name="test_student_can_become_tutor" time="0.459" /><testcase classname="tests.test_iter10_tutor.TestRegression" name="test_student_register_still_works" time="0.372" /><testcase classname="tests.test_iter10_tutor.TestRegression" name="test_proctor_register_still_works" time="0.394" /><testcase classname="tests.test_iter10_tutor.TestRegression" name="test_demo_admin_login" time="1.211" /></testsuite></testsuites>