<?xml version="1.0" encoding="utf-8"?><testsuites name="pytest tests"><testsuite name="pytest" errors="0" failures="0" skipped="0" tests="11" time="5.999" timestamp="2026-08-20T02:17:11.214527+00:00" hostname="agent-env-426fe699-7494-4110-a8f3-89c8845b53c1"><testcase classname="tests.test_iter7_features.TestProfile" name="test_student_profile_update" time="0.765" /><testcase classname="tests.test_iter7_features.TestPublicCourseDetail" name="test_get_course_utbk" time="0.508" /><testcase classname="tests.test_iter7_features.TestPublicCourseDetail" name="test_get_course_phys_has_rina" time="0.159" /><testcase classname="tests.test_iter7_features.TestPublicCourseDetail" name="test_get_course_invalid_404" time="0.153" /><testcase classname="tests.test_iter7_features.TestProfile" name="test_proctor_school_name_update" time="0.663" /><testcase classname="tests.test_iter7_features.TestChangePassword" name="test_wrong_current_400" time="0.798" /><testcase classname="tests.test_iter7_features.TestProfile" name="test_admin_and_tutor_profile" time="1.852" /><testcase classname="tests.test_iter7_features.TestChangePassword" name="test_short_password_400" time="0.762" /><testcase classname="tests.test_iter7_features.TestChangePassword" name="test_change_and_revert" time="2.675" /><testcase classname="tests.test_iter7_features.TestAdminPending" name="test_pending_count_and_stats" time="0.859" /><testcase classname="tests.test_iter7_features.TestAdminPending" name="test_pending_flow_creates_and_cleans" time="1.285" /></testsuite></testsuites>