<?xml version="1.0" encoding="utf-8"?><testsuites name="pytest tests"><testsuite name="pytest" errors="0" failures="0" skipped="0" tests="13" time="4.031" timestamp="2026-08-19T15:52:32.536976+00:00" hostname="agent-env-426fe699-7494-4110-a8f3-89c8845b53c1"><testcase classname="tests.test_iter2_features.TestCourseContent" name="test_seeded_course_utbk_has_content" time="0.852" /><testcase classname="tests.test_iter2_features.TestFavoritesFlow" name="test_tutor_set_favorite_and_class_students_shows_flag" time="1.111" /><testcase classname="tests.test_iter2_features.TestCourseContent" name="test_create_youtube_lesson_and_list" time="0.196" /><testcase classname="tests.test_iter2_features.TestCourseContent" name="test_create_exercise" time="0.195" /><testcase classname="tests.test_iter2_features.TestBulkImport" name="test_template_download" time="0.064" /><testcase classname="tests.test_iter2_features.TestBulkImport" name="test_csv_import_flow" time="0.418" /><testcase classname="tests.test_iter2_features.TestFavoritesFlow" name="test_proctor_sees_only_own_school_favorites" time="0.634" /><testcase classname="tests.test_iter2_features.TestEmailTriggers" name="test_publish_tryout_triggers_bg_no_5xx" time="0.125" /><testcase classname="tests.test_iter2_features.TestFavoritesFlow" name="test_tutor_remove_favorite_cleanup" time="0.108" /><testcase classname="tests.test_iter2_features.TestStudentCourseLearn" name="test_learn_returns_grade_and_exercise" time="0.981" /><testcase classname="tests.test_iter2_features.TestEmailTriggers" name="test_assign_slot_triggers_bg_no_5xx" time="0.876" /><testcase classname="tests.test_iter2_features.TestFileUpload" name="test_upload_and_download" time="0.765" /><testcase classname="tests.test_iter2_features.TestStudentCourseLearn" name="test_standalone_tryouts_excludes_exercises" time="0.511" /></testsuite></testsuites>