<?xml version="1.0" encoding="utf-8"?><testsuites name="pytest tests"><testsuite name="pytest" errors="0" failures="0" skipped="0" tests="38" time="7.547" timestamp="2026-08-19T15:22:07.911388+00:00" hostname="agent-env-426fe699-7494-4110-a8f3-89c8845b53c1"><testcase classname="tests.backend_test.TestAuth" name="test_root" time="0.313" /><testcase classname="tests.backend_test.TestAuth" name="test_login_and_me[admin]" time="0.546" /><testcase classname="tests.backend_test.TestAdminCRUD" name="test_stats" time="0.795" /><testcase classname="tests.backend_test.TestAdminCRUD" name="test_news_crud" time="0.506" /><testcase classname="tests.backend_test.TestAuth" name="test_login_and_me[tutor]" time="0.456" /><testcase classname="tests.backend_test.TestAdminCRUD" name="test_calendar_create_visible_public" time="0.468" /><testcase classname="tests.backend_test.TestAuth" name="test_login_and_me[proctor]" time="0.410" /><testcase classname="tests.backend_test.TestAuth" name="test_login_and_me[student]" time="0.451" /><testcase classname="tests.backend_test.TestAdminCRUD" name="test_course_create_visible_public" time="0.461" /><testcase classname="tests.backend_test.TestAuth" name="test_login_invalid" time="0.373" /><testcase classname="tests.backend_test.TestAdminCRUD" name="test_broadcast_create" time="0.368" /><testcase classname="tests.backend_test.TestAuth" name="test_me_unauthenticated" time="0.125" /><testcase classname="tests.backend_test.TestAdminCRUD" name="test_school_and_user_create" time="0.597" /><testcase classname="tests.backend_test.TestAdminCRUD" name="test_partnership_list_and_update" time="0.159" /><testcase classname="tests.backend_test.TestProctorIsolation" name="test_dashboard_school" time="0.623" /><testcase classname="tests.backend_test.TestProctorIsolation" name="test_only_school_students" time="0.090" /><testcase classname="tests.backend_test.TestPublic" name="test_news" time="0.124" /><testcase classname="tests.backend_test.TestProctorIsolation" name="test_monitoring" time="0.085" /><testcase classname="tests.backend_test.TestProctorIsolation" name="test_analytics" time="0.094" /><testcase classname="tests.backend_test.TestPublic" name="test_calendar" time="0.126" /><testcase classname="tests.backend_test.TestProctorIsolation" name="test_reports_and_csv" time="0.229" /><testcase classname="tests.backend_test.TestPublic" name="test_courses" time="0.137" /><testcase classname="tests.backend_test.TestPublic" name="test_stats" time="0.123" /><testcase classname="tests.backend_test.TestProctorIsolation" name="test_broadcasts" time="0.085" /><testcase classname="tests.backend_test.TestPublic" name="test_partnership_submit" time="0.137" /><testcase classname="tests.backend_test.TestRBAC" name="test_student_cannot_access_admin" time="0.604" /><testcase classname="tests.backend_test.TestRBAC" name="test_student_cannot_access_proctor" time="0.088" /><testcase classname="tests.backend_test.TestTutor" name="test_dashboard_and_open_slots" time="0.706" /><testcase classname="tests.backend_test.TestTutor" name="test_calendar" time="0.242" /><testcase classname="tests.backend_test.TestTutor" name="test_materials_crud" time="0.169" /><testcase classname="tests.backend_test.TestRBAC" name="test_tutor_cannot_access_admin" time="0.534" /><testcase classname="tests.backend_test.TestRBAC" name="test_proctor_cannot_access_tutor" time="0.089" /><testcase classname="tests.backend_test.TestStudentCourses" name="test_enroll_flow" time="0.359" /><testcase classname="tests.backend_test.TestStudentCBT" name="test_active_tryout_exists_and_full_flow" time="1.028" /><testcase classname="tests.backend_test.TestStudentCourses" name="test_materials" time="0.062" /><testcase classname="tests.backend_test.TestLogout" name="test_logout_clears_session" time="0.584" /><testcase classname="tests.backend_test.TestAdminTryout" name="test_create_tryout_and_questions" time="0.494" /><testcase classname="tests.backend_test.TestAdminSlots" name="test_list_and_assign" time="0.275" /></testsuite></testsuites>